<?xml version="1.0" encoding="UTF-8"?>
<testng-results skipped="0" failed="0" total="1" passed="1">
  <reporter-output>
  </reporter-output>
  <suite name="Default suite" duration-ms="14362" started-at="2016-08-18T14:07:23Z" finished-at="2016-08-18T14:07:38Z">
    <groups>
    </groups>
    <test name="Default test" duration-ms="14362" started-at="2016-08-18T14:07:23Z" finished-at="2016-08-18T14:07:38Z">
      <class name="train1.TestBrower">
        <test-method status="PASS" signature="getWebDriver(java.lang.String)[pri:0, instance:train1.TestBrower@5e3a8624]" name="getWebDriver" duration-ms="14345" started-at="2016-08-18T22:07:23Z" finished-at="2016-08-18T22:07:38Z">
          <params>
            <param index="0">
              <value>
                <![CDATA[CHROM_BROWER]]>
              </value>
            </param>
          </params>
          <reporter-output>
          </reporter-output>
        </test-method> <!-- getWebDriver -->
      </class> <!-- train1.TestBrower -->
    </test> <!-- Default test -->
  </suite> <!-- Default suite -->
</testng-results>
